{"C:\\Travelport\\Formulario_Real\\Formulario_Real\\src\\components\\Form\\Form.jsx": {"path":"C:\\Travelport\\Formulario_Real\\Formulario_Real\\src\\components\\Form\\Form.jsx","statementMap":{"0":{"start":{"line":7,"column":16},"end":{"line":7,"column":null}},"1":{"start":{"line":1,"column":43},"end":{"line":1,"column":null}},"2":{"start":{"line":2,"column":7},"end":{"line":2,"column":null}},"3":{"start":{"line":3,"column":21},"end":{"line":3,"column":null}},"4":{"start":{"line":4,"column":24},"end":{"line":4,"column":null}},"5":{"start":{"line":5,"column":28},"end":{"line":5,"column":null}},"6":{"start":{"line":9,"column":17},"end":{"line":9,"column":null}},"7":{"start":{"line":10,"column":17},"end":{"line":10,"column":null}},"8":{"start":{"line":11,"column":20},"end":{"line":11,"column":null}},"9":{"start":{"line":12,"column":20},"end":{"line":12,"column":null}},"10":{"start":{"line":13,"column":16},"end":{"line":13,"column":null}},"11":{"start":{"line":14,"column":46},"end":{"line":14,"column":null}},"12":{"start":{"line":16,"column":4},"end":{"line":27,"column":null}},"13":{"start":{"line":17,"column":8},"end":{"line":22,"column":null}},"14":{"start":{"line":18,"column":28},"end":{"line":18,"column":null}},"15":{"start":{"line":19,"column":12},"end":{"line":19,"column":null}},"16":{"start":{"line":21,"column":12},"end":{"line":21,"column":null}},"17":{"start":{"line":24,"column":8},"end":{"line":26,"column":null}},"18":{"start":{"line":25,"column":12},"end":{"line":25,"column":null}},"19":{"start":{"line":29,"column":21},"end":{"line":39,"column":null}},"20":{"start":{"line":30,"column":8},"end":{"line":30,"column":null}},"21":{"start":{"line":32,"column":8},"end":{"line":38,"column":null}},"22":{"start":{"line":37,"column":32},"end":{"line":37,"column":null}},"23":{"start":{"line":41,"column":20},"end":{"line":48,"column":null}},"24":{"start":{"line":42,"column":8},"end":{"line":42,"column":null}},"25":{"start":{"line":43,"column":8},"end":{"line":43,"column":null}},"26":{"start":{"line":44,"column":8},"end":{"line":44,"column":null}},"27":{"start":{"line":45,"column":8},"end":{"line":45,"column":null}},"28":{"start":{"line":46,"column":8},"end":{"line":46,"column":null}},"29":{"start":{"line":47,"column":8},"end":{"line":47,"column":null}},"30":{"start":{"line":50,"column":25},"end":{"line":52,"column":null}},"31":{"start":{"line":59,"column":4},"end":{"line":141,"column":null}},"32":{"start":{"line":154,"column":38},"end":{"line":154,"column":37202}},"33":{"start":{"line":154,"column":42},"end":{"line":154,"column":37191}},"34":{"start":{"line":154,"column":37227},"end":{"line":154,"column":37268}},"35":{"start":{"line":154,"column":37231},"end":{"line":154,"column":37256}},"36":{"start":{"line":154,"column":37268},"end":{"line":154,"column":37276}},"37":{"start":{"line":154,"column":37301},"end":{"line":154,"column":37344}},"38":{"start":{"line":154,"column":37305},"end":{"line":154,"column":37332}},"39":{"start":{"line":154,"column":37344},"end":{"line":154,"column":37352}},"40":{"start":{"line":154,"column":37371},"end":{"line":154,"column":37408}},"41":{"start":{"line":154,"column":37375},"end":{"line":154,"column":37397}},"42":{"start":{"line":154,"column":37427},"end":{"line":154,"column":37467}},"43":{"start":{"line":154,"column":37431},"end":{"line":154,"column":37456}}},"fnMap":{"0":{"name":"Form","decl":{"start":{"line":7,"column":16},"end":{"line":7,"column":null}},"loc":{"start":{"line":7,"column":16},"end":{"line":147,"column":null}}},"1":{"name":"(anonymous_6)","decl":{"start":{"line":16,"column":14},"end":{"line":16,"column":null}},"loc":{"start":{"line":16,"column":14},"end":{"line":27,"column":7}}},"2":{"name":"(anonymous_7)","decl":{"start":{"line":29,"column":21},"end":{"line":29,"column":22}},"loc":{"start":{"line":29,"column":22},"end":{"line":39,"column":null}}},"3":{"name":"(anonymous_8)","decl":{"start":{"line":41,"column":20},"end":{"line":41,"column":null}},"loc":{"start":{"line":41,"column":20},"end":{"line":48,"column":null}}},"4":{"name":"(anonymous_9)","decl":{"start":{"line":50,"column":25},"end":{"line":50,"column":26}},"loc":{"start":{"line":50,"column":26},"end":{"line":52,"column":null}}},"5":{"name":"oo_cm","decl":{"start":{"line":154,"column":30},"end":{"line":154,"column":38}},"loc":{"start":{"line":154,"column":30},"end":{"line":154,"column":37204}}},"6":{"name":"oo_oo","decl":{"start":{"line":154,"column":37213},"end":{"line":154,"column":37219}},"loc":{"start":{"line":154,"column":37225},"end":{"line":154,"column":37278}}},"7":{"name":"oo_tr","decl":{"start":{"line":154,"column":37287},"end":{"line":154,"column":37293}},"loc":{"start":{"line":154,"column":37299},"end":{"line":154,"column":37354}}},"8":{"name":"oo_ts","decl":{"start":{"line":154,"column":37363},"end":{"line":154,"column":37371}},"loc":{"start":{"line":154,"column":37363},"end":{"line":154,"column":37410}}},"9":{"name":"oo_te","decl":{"start":{"line":154,"column":37419},"end":{"line":154,"column":37427}},"loc":{"start":{"line":154,"column":37419},"end":{"line":154,"column":37469}}}},"branchMap":{"0":{"loc":{"start":{"line":17,"column":8},"end":{"line":22,"column":null}},"type":"if","locations":[{"start":{"line":17,"column":8},"end":{"line":22,"column":null}},{"start":{"line":20,"column":15},"end":{"line":22,"column":null}}]},"1":{"loc":{"start":{"line":17,"column":12},"end":{"line":17,"column":38}},"type":"binary-expr","locations":[{"start":{"line":17,"column":12},"end":{"line":17,"column":25}},{"start":{"line":17,"column":29},"end":{"line":17,"column":38}}]},"2":{"loc":{"start":{"line":24,"column":8},"end":{"line":26,"column":null}},"type":"if","locations":[{"start":{"line":24,"column":8},"end":{"line":26,"column":null}}]},"3":{"loc":{"start":{"line":32,"column":8},"end":{"line":38,"column":null}},"type":"if","locations":[{"start":{"line":32,"column":8},"end":{"line":38,"column":null}}]},"4":{"loc":{"start":{"line":32,"column":12},"end":{"line":36,"column":32}},"type":"binary-expr","locations":[{"start":{"line":32,"column":12},"end":{"line":32,"column":null}},{"start":{"line":33,"column":12},"end":{"line":33,"column":null}},{"start":{"line":34,"column":12},"end":{"line":34,"column":null}},{"start":{"line":35,"column":12},"end":{"line":35,"column":null}},{"start":{"line":36,"column":12},"end":{"line":36,"column":32}}]},"5":{"loc":{"start":{"line":154,"column":49},"end":{"line":154,"column":37191}},"type":"binary-expr","locations":[{"start":{"line":154,"column":49},"end":{"line":154,"column":90}},{"start":{"line":154,"column":90},"end":{"line":154,"column":37191}}]}},"s":{"0":17,"1":1,"2":1,"3":1,"4":1,"5":1,"6":48,"7":48,"8":48,"9":48,"10":48,"11":48,"12":48,"13":21,"14":2,"15":2,"16":19,"17":21,"18":19,"19":48,"20":6,"21":6,"22":6,"23":48,"24":4,"25":4,"26":4,"27":4,"28":4,"29":4,"30":48,"31":48,"32":6,"33":6,"34":6,"35":6,"36":6,"37":0,"38":0,"39":0,"40":0,"41":0,"42":0,"43":0},"f":{"0":48,"1":21,"2":6,"3":4,"4":0,"5":6,"6":6,"7":0,"8":0,"9":0},"b":{"0":[2,19],"1":[21,21],"2":[19],"3":[6],"4":[6,6,6,6,6],"5":[6,1]}}
,"C:\\Travelport\\Formulario_Real\\Formulario_Real\\src\\hooks\\useField.js": {"path":"C:\\Travelport\\Formulario_Real\\Formulario_Real\\src\\hooks\\useField.js","statementMap":{"0":{"start":{"line":48,"column":0},"end":{"line":48,"column":15}},"1":{"start":{"line":1,"column":36},"end":{"line":1,"column":null}},"2":{"start":{"line":3,"column":17},"end":{"line":47,"column":null}},"3":{"start":{"line":5,"column":30},"end":{"line":5,"column":null}},"4":{"start":{"line":6,"column":38},"end":{"line":6,"column":null}},"5":{"start":{"line":7,"column":52},"end":{"line":7,"column":null}},"6":{"start":{"line":8,"column":42},"end":{"line":8,"column":null}},"7":{"start":{"line":9,"column":30},"end":{"line":9,"column":null}},"8":{"start":{"line":10,"column":44},"end":{"line":10,"column":null}},"9":{"start":{"line":11,"column":34},"end":{"line":11,"column":null}},"10":{"start":{"line":13,"column":4},"end":{"line":34,"column":null}},"11":{"start":{"line":14,"column":8},"end":{"line":32,"column":null}},"12":{"start":{"line":15,"column":30},"end":{"line":15,"column":null}},"13":{"start":{"line":16,"column":12},"end":{"line":18,"column":null}},"14":{"start":{"line":17,"column":16},"end":{"line":17,"column":null}},"15":{"start":{"line":19,"column":12},"end":{"line":31,"column":null}},"16":{"start":{"line":20,"column":16},"end":{"line":20,"column":null}},"17":{"start":{"line":21,"column":16},"end":{"line":21,"column":null}},"18":{"start":{"line":22,"column":16},"end":{"line":22,"column":null}},"19":{"start":{"line":23,"column":16},"end":{"line":23,"column":null}},"20":{"start":{"line":24,"column":16},"end":{"line":24,"column":null}},"21":{"start":{"line":26,"column":16},"end":{"line":26,"column":null}},"22":{"start":{"line":27,"column":16},"end":{"line":27,"column":null}},"23":{"start":{"line":28,"column":16},"end":{"line":28,"column":null}},"24":{"start":{"line":29,"column":16},"end":{"line":29,"column":null}},"25":{"start":{"line":30,"column":16},"end":{"line":30,"column":null}},"26":{"start":{"line":36,"column":29},"end":{"line":38,"column":null}},"27":{"start":{"line":37,"column":8},"end":{"line":37,"column":null}},"28":{"start":{"line":40,"column":21},"end":{"line":43,"column":null}},"29":{"start":{"line":41,"column":8},"end":{"line":41,"column":null}},"30":{"start":{"line":42,"column":8},"end":{"line":42,"column":null}},"31":{"start":{"line":45,"column":4},"end":{"line":45,"column":null}},"32":{"start":{"line":48,"column":15},"end":{"line":48,"column":null}}},"fnMap":{"0":{"name":"(anonymous_1)","decl":{"start":{"line":3,"column":17},"end":{"line":3,"column":null}},"loc":{"start":{"line":3,"column":17},"end":{"line":47,"column":null}}},"1":{"name":"(anonymous_2)","decl":{"start":{"line":13,"column":14},"end":{"line":13,"column":null}},"loc":{"start":{"line":13,"column":14},"end":{"line":34,"column":7}}},"2":{"name":"(anonymous_3)","decl":{"start":{"line":36,"column":29},"end":{"line":36,"column":null}},"loc":{"start":{"line":36,"column":29},"end":{"line":38,"column":null}}},"3":{"name":"(anonymous_4)","decl":{"start":{"line":40,"column":21},"end":{"line":40,"column":22}},"loc":{"start":{"line":40,"column":22},"end":{"line":43,"column":null}}}},"branchMap":{"0":{"loc":{"start":{"line":14,"column":8},"end":{"line":32,"column":null}},"type":"if","locations":[{"start":{"line":14,"column":8},"end":{"line":32,"column":null}}]},"1":{"loc":{"start":{"line":16,"column":12},"end":{"line":18,"column":null}},"type":"if","locations":[{"start":{"line":16,"column":12},"end":{"line":18,"column":null}}]},"2":{"loc":{"start":{"line":19,"column":12},"end":{"line":31,"column":null}},"type":"if","locations":[{"start":{"line":19,"column":12},"end":{"line":31,"column":null}},{"start":{"line":25,"column":19},"end":{"line":31,"column":null}}]}},"s":{"0":192,"1":1,"2":1,"3":192,"4":192,"5":192,"6":192,"7":192,"8":192,"9":192,"10":192,"11":73,"12":5,"13":5,"14":0,"15":5,"16":0,"17":0,"18":0,"19":0,"20":0,"21":5,"22":5,"23":5,"24":5,"25":5,"26":192,"27":20,"28":192,"29":5,"30":5,"31":192,"32":1},"f":{"0":192,"1":73,"2":20,"3":5},"b":{"0":[5],"1":[0],"2":[0,5]}}
,"C:\\Travelport\\Formulario_Real\\Formulario_Real\\src\\hooks\\useSelector.js": {"path":"C:\\Travelport\\Formulario_Real\\Formulario_Real\\src\\hooks\\useSelector.js","statementMap":{"0":{"start":{"line":48,"column":0},"end":{"line":48,"column":15}},"1":{"start":{"line":1,"column":36},"end":{"line":1,"column":null}},"2":{"start":{"line":3,"column":20},"end":{"line":47,"column":null}},"3":{"start":{"line":5,"column":30},"end":{"line":5,"column":null}},"4":{"start":{"line":6,"column":38},"end":{"line":6,"column":null}},"5":{"start":{"line":7,"column":52},"end":{"line":7,"column":null}},"6":{"start":{"line":8,"column":42},"end":{"line":8,"column":null}},"7":{"start":{"line":9,"column":30},"end":{"line":9,"column":null}},"8":{"start":{"line":10,"column":44},"end":{"line":10,"column":null}},"9":{"start":{"line":11,"column":34},"end":{"line":11,"column":null}},"10":{"start":{"line":13,"column":4},"end":{"line":34,"column":null}},"11":{"start":{"line":14,"column":8},"end":{"line":26,"column":null}},"12":{"start":{"line":15,"column":30},"end":{"line":15,"column":null}},"13":{"start":{"line":16,"column":12},"end":{"line":18,"column":null}},"14":{"start":{"line":17,"column":16},"end":{"line":17,"column":null}},"15":{"start":{"line":19,"column":12},"end":{"line":25,"column":null}},"16":{"start":{"line":20,"column":16},"end":{"line":20,"column":null}},"17":{"start":{"line":21,"column":16},"end":{"line":21,"column":null}},"18":{"start":{"line":22,"column":16},"end":{"line":22,"column":null}},"19":{"start":{"line":23,"column":16},"end":{"line":23,"column":null}},"20":{"start":{"line":24,"column":16},"end":{"line":24,"column":null}},"21":{"start":{"line":27,"column":8},"end":{"line":33,"column":null}},"22":{"start":{"line":28,"column":12},"end":{"line":29,"column":null}},"23":{"start":{"line":30,"column":12},"end":{"line":30,"column":null}},"24":{"start":{"line":31,"column":12},"end":{"line":31,"column":null}},"25":{"start":{"line":32,"column":12},"end":{"line":32,"column":null}},"26":{"start":{"line":36,"column":32},"end":{"line":38,"column":null}},"27":{"start":{"line":37,"column":8},"end":{"line":37,"column":null}},"28":{"start":{"line":40,"column":21},"end":{"line":43,"column":null}},"29":{"start":{"line":41,"column":8},"end":{"line":41,"column":null}},"30":{"start":{"line":42,"column":8},"end":{"line":42,"column":null}},"31":{"start":{"line":45,"column":4},"end":{"line":45,"column":null}},"32":{"start":{"line":48,"column":15},"end":{"line":48,"column":null}}},"fnMap":{"0":{"name":"(anonymous_1)","decl":{"start":{"line":3,"column":20},"end":{"line":3,"column":null}},"loc":{"start":{"line":3,"column":20},"end":{"line":47,"column":null}}},"1":{"name":"(anonymous_2)","decl":{"start":{"line":13,"column":14},"end":{"line":13,"column":null}},"loc":{"start":{"line":13,"column":14},"end":{"line":34,"column":7}}},"2":{"name":"(anonymous_3)","decl":{"start":{"line":27,"column":15},"end":{"line":27,"column":null}},"loc":{"start":{"line":27,"column":15},"end":{"line":33,"column":null}}},"3":{"name":"(anonymous_4)","decl":{"start":{"line":36,"column":32},"end":{"line":36,"column":null}},"loc":{"start":{"line":36,"column":32},"end":{"line":38,"column":null}}},"4":{"name":"(anonymous_5)","decl":{"start":{"line":40,"column":21},"end":{"line":40,"column":22}},"loc":{"start":{"line":40,"column":22},"end":{"line":43,"column":null}}}},"branchMap":{"0":{"loc":{"start":{"line":14,"column":8},"end":{"line":26,"column":null}},"type":"if","locations":[{"start":{"line":14,"column":8},"end":{"line":26,"column":null}}]},"1":{"loc":{"start":{"line":16,"column":12},"end":{"line":18,"column":null}},"type":"if","locations":[{"start":{"line":16,"column":12},"end":{"line":18,"column":null}}]},"2":{"loc":{"start":{"line":19,"column":12},"end":{"line":25,"column":null}},"type":"if","locations":[{"start":{"line":19,"column":12},"end":{"line":25,"column":null}}]}},"s":{"0":48,"1":1,"2":1,"3":48,"4":48,"5":48,"6":48,"7":48,"8":48,"9":48,"10":48,"11":17,"12":0,"13":0,"14":0,"15":0,"16":0,"17":0,"18":0,"19":0,"20":0,"21":17,"22":17,"23":17,"24":17,"25":17,"26":48,"27":4,"28":48,"29":0,"30":0,"31":48,"32":1},"f":{"0":48,"1":17,"2":17,"3":4,"4":0},"b":{"0":[0],"1":[0],"2":[0]}}
,"C:\\Travelport\\Formulario_Real\\Formulario_Real\\src\\services\\validateDni.js": {"path":"C:\\Travelport\\Formulario_Real\\Formulario_Real\\src\\services\\validateDni.js","statementMap":{"0":{"start":{"line":2,"column":16},"end":{"line":2,"column":28}},"1":{"start":{"line":4,"column":2},"end":{"line":36,"column":null}},"2":{"start":{"line":18,"column":6},"end":{"line":20,"column":null}},"3":{"start":{"line":19,"column":8},"end":{"line":19,"column":null}},"4":{"start":{"line":21,"column":28},"end":{"line":21,"column":null}},"5":{"start":{"line":22,"column":24},"end":{"line":22,"column":null}},"6":{"start":{"line":23,"column":24},"end":{"line":23,"column":null}},"7":{"start":{"line":24,"column":6},"end":{"line":26,"column":null}},"8":{"start":{"line":25,"column":8},"end":{"line":25,"column":null}},"9":{"start":{"line":27,"column":31},"end":{"line":27,"column":60}},"10":{"start":{"line":28,"column":6},"end":{"line":28,"column":null}},"11":{"start":{"line":30,"column":9},"end":{"line":36,"column":null}},"12":{"start":{"line":31,"column":22},"end":{"line":31,"column":null}},"13":{"start":{"line":32,"column":4},"end":{"line":32,"column":null}},"14":{"start":{"line":33,"column":9},"end":{"line":36,"column":null}},"15":{"start":{"line":34,"column":22},"end":{"line":34,"column":null}},"16":{"start":{"line":35,"column":4},"end":{"line":35,"column":null}},"17":{"start":{"line":37,"column":2},"end":{"line":37,"column":null}}},"fnMap":{"0":{"name":"validateDNI","decl":{"start":{"line":2,"column":16},"end":{"line":2,"column":28}},"loc":{"start":{"line":2,"column":40},"end":{"line":38,"column":null}}}},"branchMap":{"0":{"loc":{"start":{"line":4,"column":2},"end":{"line":36,"column":null}},"type":"if","locations":[{"start":{"line":4,"column":2},"end":{"line":36,"column":null}},{"start":{"line":30,"column":9},"end":{"line":36,"column":null}}]},"1":{"loc":{"start":{"line":18,"column":6},"end":{"line":20,"column":null}},"type":"if","locations":[{"start":{"line":18,"column":6},"end":{"line":20,"column":null}}]},"2":{"loc":{"start":{"line":24,"column":6},"end":{"line":26,"column":null}},"type":"if","locations":[{"start":{"line":24,"column":6},"end":{"line":26,"column":null}}]},"3":{"loc":{"start":{"line":30,"column":9},"end":{"line":36,"column":null}},"type":"if","locations":[{"start":{"line":30,"column":9},"end":{"line":36,"column":null}},{"start":{"line":33,"column":9},"end":{"line":36,"column":null}}]},"4":{"loc":{"start":{"line":33,"column":9},"end":{"line":36,"column":null}},"type":"if","locations":[{"start":{"line":33,"column":9},"end":{"line":36,"column":null}}]}},"s":{"0":2,"1":2,"2":0,"3":0,"4":0,"5":0,"6":0,"7":0,"8":0,"9":0,"10":0,"11":2,"12":0,"13":0,"14":2,"15":0,"16":0,"17":2},"f":{"0":2},"b":{"0":[0,2],"1":[0],"2":[0],"3":[0,2],"4":[0]}}
}
