{"C:\\Travelport\\Formulario_Real\\Formulario_Real\\src\\components\\Form\\Form.jsx": {"path":"C:\\Travelport\\Formulario_Real\\Formulario_Real\\src\\components\\Form\\Form.jsx","statementMap":{"0":{"start":{"line":9,"column":16},"end":{"line":9,"column":null}},"1":{"start":{"line":1,"column":43},"end":{"line":1,"column":null}},"2":{"start":{"line":2,"column":7},"end":{"line":2,"column":null}},"3":{"start":{"line":3,"column":21},"end":{"line":3,"column":null}},"4":{"start":{"line":4,"column":24},"end":{"line":4,"column":null}},"5":{"start":{"line":5,"column":22},"end":{"line":5,"column":null}},"6":{"start":{"line":6,"column":23},"end":{"line":6,"column":null}},"7":{"start":{"line":7,"column":28},"end":{"line":7,"column":null}},"8":{"start":{"line":11,"column":17},"end":{"line":11,"column":null}},"9":{"start":{"line":12,"column":17},"end":{"line":12,"column":null}},"10":{"start":{"line":13,"column":20},"end":{"line":13,"column":null}},"11":{"start":{"line":14,"column":20},"end":{"line":14,"column":null}},"12":{"start":{"line":15,"column":16},"end":{"line":15,"column":null}},"13":{"start":{"line":17,"column":29},"end":{"line":17,"column":null}},"14":{"start":{"line":19,"column":4},"end":{"line":26,"column":null}},"15":{"start":{"line":20,"column":8},"end":{"line":24,"column":null}},"16":{"start":{"line":21,"column":12},"end":{"line":21,"column":null}},"17":{"start":{"line":23,"column":12},"end":{"line":23,"column":null}},"18":{"start":{"line":28,"column":4},"end":{"line":37,"column":null}},"19":{"start":{"line":29,"column":8},"end":{"line":35,"column":null}},"20":{"start":{"line":32,"column":12},"end":{"line":32,"column":null}},"21":{"start":{"line":34,"column":12},"end":{"line":34,"column":null}},"22":{"start":{"line":39,"column":21},"end":{"line":52,"column":null}},"23":{"start":{"line":40,"column":8},"end":{"line":40,"column":null}},"24":{"start":{"line":42,"column":8},"end":{"line":51,"column":null}},"25":{"start":{"line":47,"column":32},"end":{"line":47,"column":null}},"26":{"start":{"line":48,"column":15},"end":{"line":51,"column":null}},"27":{"start":{"line":50,"column":12},"end":{"line":50,"column":null}},"28":{"start":{"line":54,"column":20},"end":{"line":61,"column":null}},"29":{"start":{"line":55,"column":8},"end":{"line":55,"column":null}},"30":{"start":{"line":56,"column":8},"end":{"line":56,"column":null}},"31":{"start":{"line":57,"column":8},"end":{"line":57,"column":null}},"32":{"start":{"line":58,"column":8},"end":{"line":58,"column":null}},"33":{"start":{"line":59,"column":8},"end":{"line":59,"column":null}},"34":{"start":{"line":60,"column":8},"end":{"line":60,"column":null}},"35":{"start":{"line":63,"column":25},"end":{"line":65,"column":null}},"36":{"start":{"line":75,"column":4},"end":{"line":156,"column":null}},"37":{"start":{"line":96,"column":32},"end":{"line":96,"column":null}},"38":{"start":{"line":121,"column":32},"end":{"line":121,"column":null}},"39":{"start":{"line":150,"column":32},"end":{"line":150,"column":null}},"40":{"start":{"line":169,"column":38},"end":{"line":169,"column":37202}},"41":{"start":{"line":169,"column":42},"end":{"line":169,"column":37191}},"42":{"start":{"line":169,"column":37227},"end":{"line":169,"column":37268}},"43":{"start":{"line":169,"column":37231},"end":{"line":169,"column":37256}},"44":{"start":{"line":169,"column":37268},"end":{"line":169,"column":37276}},"45":{"start":{"line":169,"column":37301},"end":{"line":169,"column":37344}},"46":{"start":{"line":169,"column":37305},"end":{"line":169,"column":37332}},"47":{"start":{"line":169,"column":37344},"end":{"line":169,"column":37352}},"48":{"start":{"line":169,"column":37371},"end":{"line":169,"column":37408}},"49":{"start":{"line":169,"column":37375},"end":{"line":169,"column":37397}},"50":{"start":{"line":169,"column":37427},"end":{"line":169,"column":37467}},"51":{"start":{"line":169,"column":37431},"end":{"line":169,"column":37456}}},"fnMap":{"0":{"name":"Form","decl":{"start":{"line":9,"column":16},"end":{"line":9,"column":null}},"loc":{"start":{"line":9,"column":16},"end":{"line":162,"column":null}}},"1":{"name":"(anonymous_6)","decl":{"start":{"line":19,"column":14},"end":{"line":19,"column":null}},"loc":{"start":{"line":19,"column":14},"end":{"line":26,"column":7}}},"2":{"name":"(anonymous_7)","decl":{"start":{"line":28,"column":14},"end":{"line":28,"column":null}},"loc":{"start":{"line":28,"column":14},"end":{"line":37,"column":7}}},"3":{"name":"(anonymous_8)","decl":{"start":{"line":39,"column":21},"end":{"line":39,"column":22}},"loc":{"start":{"line":39,"column":22},"end":{"line":52,"column":null}}},"4":{"name":"(anonymous_9)","decl":{"start":{"line":54,"column":20},"end":{"line":54,"column":null}},"loc":{"start":{"line":54,"column":20},"end":{"line":61,"column":null}}},"5":{"name":"(anonymous_10)","decl":{"start":{"line":63,"column":25},"end":{"line":63,"column":26}},"loc":{"start":{"line":63,"column":26},"end":{"line":65,"column":null}}},"6":{"name":"(anonymous_11)","decl":{"start":{"line":95,"column":54},"end":{"line":95,"column":null}},"loc":{"start":{"line":95,"column":54},"end":{"line":97,"column":null}}},"7":{"name":"(anonymous_12)","decl":{"start":{"line":120,"column":57},"end":{"line":120,"column":null}},"loc":{"start":{"line":120,"column":57},"end":{"line":122,"column":null}}},"8":{"name":"(anonymous_13)","decl":{"start":{"line":149,"column":53},"end":{"line":149,"column":null}},"loc":{"start":{"line":149,"column":53},"end":{"line":151,"column":null}}},"9":{"name":"oo_cm","decl":{"start":{"line":169,"column":30},"end":{"line":169,"column":38}},"loc":{"start":{"line":169,"column":30},"end":{"line":169,"column":37204}}},"10":{"name":"oo_oo","decl":{"start":{"line":169,"column":37213},"end":{"line":169,"column":37219}},"loc":{"start":{"line":169,"column":37225},"end":{"line":169,"column":37278}}},"11":{"name":"oo_tr","decl":{"start":{"line":169,"column":37287},"end":{"line":169,"column":37293}},"loc":{"start":{"line":169,"column":37299},"end":{"line":169,"column":37354}}},"12":{"name":"oo_ts","decl":{"start":{"line":169,"column":37363},"end":{"line":169,"column":37371}},"loc":{"start":{"line":169,"column":37363},"end":{"line":169,"column":37410}}},"13":{"name":"oo_te","decl":{"start":{"line":169,"column":37419},"end":{"line":169,"column":37427}},"loc":{"start":{"line":169,"column":37419},"end":{"line":169,"column":37469}}}},"branchMap":{"0":{"loc":{"start":{"line":20,"column":8},"end":{"line":24,"column":null}},"type":"if","locations":[{"start":{"line":20,"column":8},"end":{"line":24,"column":null}},{"start":{"line":22,"column":15},"end":{"line":24,"column":null}}]},"1":{"loc":{"start":{"line":20,"column":12},"end":{"line":20,"column":70}},"type":"binary-expr","locations":[{"start":{"line":20,"column":12},"end":{"line":20,"column":47}},{"start":{"line":20,"column":47},"end":{"line":20,"column":70}}]},"2":{"loc":{"start":{"line":29,"column":8},"end":{"line":35,"column":null}},"type":"if","locations":[{"start":{"line":29,"column":8},"end":{"line":35,"column":null}},{"start":{"line":33,"column":15},"end":{"line":35,"column":null}}]},"3":{"loc":{"start":{"line":29,"column":12},"end":{"line":31,"column":52}},"type":"binary-expr","locations":[{"start":{"line":29,"column":12},"end":{"line":29,"column":null}},{"start":{"line":30,"column":15},"end":{"line":30,"column":null}},{"start":{"line":31,"column":15},"end":{"line":31,"column":52}}]},"4":{"loc":{"start":{"line":42,"column":8},"end":{"line":51,"column":null}},"type":"if","locations":[{"start":{"line":42,"column":8},"end":{"line":51,"column":null}},{"start":{"line":48,"column":15},"end":{"line":51,"column":null}}]},"5":{"loc":{"start":{"line":42,"column":12},"end":{"line":46,"column":32}},"type":"binary-expr","locations":[{"start":{"line":42,"column":12},"end":{"line":42,"column":null}},{"start":{"line":43,"column":12},"end":{"line":43,"column":null}},{"start":{"line":44,"column":12},"end":{"line":44,"column":null}},{"start":{"line":45,"column":12},"end":{"line":45,"column":null}},{"start":{"line":46,"column":12},"end":{"line":46,"column":32}}]},"6":{"loc":{"start":{"line":48,"column":15},"end":{"line":51,"column":null}},"type":"if","locations":[{"start":{"line":48,"column":15},"end":{"line":51,"column":null}}]},"7":{"loc":{"start":{"line":48,"column":19},"end":{"line":49,"column":38}},"type":"binary-expr","locations":[{"start":{"line":48,"column":19},"end":{"line":48,"column":29}},{"start":{"line":48,"column":33},"end":{"line":48,"column":43}},{"start":{"line":48,"column":47},"end":{"line":48,"column":60}},{"start":{"line":49,"column":12},"end":{"line":49,"column":25}},{"start":{"line":49,"column":29},"end":{"line":49,"column":38}}]},"8":{"loc":{"start":{"line":169,"column":49},"end":{"line":169,"column":37191}},"type":"binary-expr","locations":[{"start":{"line":169,"column":49},"end":{"line":169,"column":90}},{"start":{"line":169,"column":90},"end":{"line":169,"column":37191}}]}},"s":{"0":18,"1":1,"2":1,"3":1,"4":1,"5":1,"6":1,"7":1,"8":30,"9":30,"10":30,"11":30,"12":30,"13":30,"14":30,"15":20,"16":0,"17":20,"18":30,"19":21,"20":0,"21":21,"22":30,"23":6,"24":6,"25":6,"26":0,"27":0,"28":30,"29":4,"30":4,"31":4,"32":4,"33":4,"34":4,"35":30,"36":30,"37":0,"38":0,"39":0,"40":6,"41":6,"42":6,"43":6,"44":6,"45":0,"46":0,"47":0,"48":0,"49":0,"50":0,"51":0},"f":{"0":30,"1":20,"2":21,"3":6,"4":4,"5":0,"6":0,"7":0,"8":0,"9":6,"10":6,"11":0,"12":0,"13":0},"b":{"0":[0,20],"1":[20,19],"2":[0,21],"3":[21,21,3],"4":[6,0],"5":[6,6,6,6,6],"6":[0],"7":[0,0,0,0,0],"8":[6,1]}}
,"C:\\Travelport\\Formulario_Real\\Formulario_Real\\src\\hooks\\useErrorField.jsx": {"path":"C:\\Travelport\\Formulario_Real\\Formulario_Real\\src\\hooks\\useErrorField.jsx","statementMap":{"0":{"start":{"line":4,"column":16},"end":{"line":4,"column":26}},"1":{"start":{"line":16,"column":0},"end":{"line":16,"column":15}},"2":{"start":{"line":1,"column":18},"end":{"line":1,"column":null}},"3":{"start":{"line":2,"column":21},"end":{"line":2,"column":null}},"4":{"start":{"line":6,"column":20},"end":{"line":6,"column":null}},"5":{"start":{"line":7,"column":4},"end":{"line":11,"column":null}},"6":{"start":{"line":10,"column":16},"end":{"line":10,"column":null}},"7":{"start":{"line":16,"column":15},"end":{"line":16,"column":25}}},"fnMap":{"0":{"name":"ErrorField","decl":{"start":{"line":4,"column":16},"end":{"line":4,"column":26}},"loc":{"start":{"line":4,"column":16},"end":{"line":14,"column":null}}},"1":{"name":"(anonymous_5)","decl":{"start":{"line":9,"column":41},"end":{"line":9,"column":null}},"loc":{"start":{"line":9,"column":41},"end":{"line":11,"column":null}}}},"branchMap":{},"s":{"0":0,"1":30,"2":1,"3":1,"4":24,"5":24,"6":0,"7":1},"f":{"0":24,"1":0},"b":{}}
,"C:\\Travelport\\Formulario_Real\\Formulario_Real\\src\\hooks\\useField.js": {"path":"C:\\Travelport\\Formulario_Real\\Formulario_Real\\src\\hooks\\useField.js","statementMap":{"0":{"start":{"line":91,"column":0},"end":{"line":91,"column":15}},"1":{"start":{"line":1,"column":36},"end":{"line":1,"column":null}},"2":{"start":{"line":3,"column":17},"end":{"line":90,"column":null}},"3":{"start":{"line":5,"column":30},"end":{"line":5,"column":null}},"4":{"start":{"line":6,"column":42},"end":{"line":6,"column":null}},"5":{"start":{"line":7,"column":38},"end":{"line":7,"column":null}},"6":{"start":{"line":8,"column":52},"end":{"line":8,"column":null}},"7":{"start":{"line":9,"column":30},"end":{"line":9,"column":null}},"8":{"start":{"line":11,"column":31},"end":{"line":19,"column":null}},"9":{"start":{"line":12,"column":24},"end":{"line":12,"column":26}},"10":{"start":{"line":13,"column":8},"end":{"line":17,"column":null}},"11":{"start":{"line":13,"column":21},"end":{"line":13,"column":24}},"12":{"start":{"line":14,"column":12},"end":{"line":16,"column":null}},"13":{"start":{"line":15,"column":16},"end":{"line":15,"column":null}},"14":{"start":{"line":18,"column":8},"end":{"line":18,"column":null}},"15":{"start":{"line":21,"column":25},"end":{"line":29,"column":null}},"16":{"start":{"line":22,"column":26},"end":{"line":22,"column":null}},"17":{"start":{"line":23,"column":8},"end":{"line":27,"column":null}},"18":{"start":{"line":23,"column":21},"end":{"line":23,"column":24}},"19":{"start":{"line":24,"column":12},"end":{"line":26,"column":null}},"20":{"start":{"line":25,"column":16},"end":{"line":25,"column":null}},"21":{"start":{"line":28,"column":8},"end":{"line":28,"column":null}},"22":{"start":{"line":31,"column":28},"end":{"line":39,"column":null}},"23":{"start":{"line":32,"column":8},"end":{"line":37,"column":null}},"24":{"start":{"line":33,"column":31},"end":{"line":33,"column":null}},"25":{"start":{"line":34,"column":12},"end":{"line":34,"column":null}},"26":{"start":{"line":35,"column":12},"end":{"line":35,"column":null}},"27":{"start":{"line":36,"column":12},"end":{"line":36,"column":null}},"28":{"start":{"line":41,"column":31},"end":{"line":48,"column":null}},"29":{"start":{"line":42,"column":8},"end":{"line":47,"column":null}},"30":{"start":{"line":43,"column":31},"end":{"line":43,"column":null}},"31":{"start":{"line":44,"column":12},"end":{"line":44,"column":null}},"32":{"start":{"line":45,"column":12},"end":{"line":45,"column":null}},"33":{"start":{"line":45,"column":42},"end":{"line":45,"column":null}},"34":{"start":{"line":46,"column":12},"end":{"line":46,"column":null}},"35":{"start":{"line":50,"column":4},"end":{"line":75,"column":null}},"36":{"start":{"line":52,"column":8},"end":{"line":73,"column":null}},"37":{"start":{"line":53,"column":31},"end":{"line":53,"column":null}},"38":{"start":{"line":54,"column":30},"end":{"line":54,"column":null}},"39":{"start":{"line":55,"column":12},"end":{"line":63,"column":null}},"40":{"start":{"line":56,"column":16},"end":{"line":56,"column":null}},"41":{"start":{"line":57,"column":16},"end":{"line":57,"column":null}},"42":{"start":{"line":57,"column":68},"end":{"line":57,"column":null}},"43":{"start":{"line":59,"column":16},"end":{"line":62,"column":null}},"44":{"start":{"line":60,"column":20},"end":{"line":60,"column":null}},"45":{"start":{"line":61,"column":20},"end":{"line":61,"column":null}},"46":{"start":{"line":64,"column":12},"end":{"line":72,"column":null}},"47":{"start":{"line":65,"column":16},"end":{"line":65,"column":null}},"48":{"start":{"line":66,"column":16},"end":{"line":66,"column":null}},"49":{"start":{"line":67,"column":16},"end":{"line":67,"column":null}},"50":{"start":{"line":70,"column":16},"end":{"line":70,"column":null}},"51":{"start":{"line":71,"column":16},"end":{"line":71,"column":null}},"52":{"start":{"line":77,"column":29},"end":{"line":79,"column":null}},"53":{"start":{"line":78,"column":8},"end":{"line":78,"column":null}},"54":{"start":{"line":81,"column":21},"end":{"line":84,"column":null}},"55":{"start":{"line":82,"column":8},"end":{"line":82,"column":null}},"56":{"start":{"line":83,"column":8},"end":{"line":83,"column":null}},"57":{"start":{"line":86,"column":4},"end":{"line":88,"column":null}},"58":{"start":{"line":91,"column":15},"end":{"line":91,"column":null}}},"fnMap":{"0":{"name":"(anonymous_1)","decl":{"start":{"line":3,"column":17},"end":{"line":3,"column":null}},"loc":{"start":{"line":3,"column":17},"end":{"line":90,"column":null}}},"1":{"name":"(anonymous_2)","decl":{"start":{"line":11,"column":31},"end":{"line":11,"column":32}},"loc":{"start":{"line":11,"column":46},"end":{"line":19,"column":null}}},"2":{"name":"(anonymous_3)","decl":{"start":{"line":21,"column":25},"end":{"line":21,"column":26}},"loc":{"start":{"line":21,"column":39},"end":{"line":29,"column":null}}},"3":{"name":"(anonymous_4)","decl":{"start":{"line":31,"column":28},"end":{"line":31,"column":29}},"loc":{"start":{"line":31,"column":29},"end":{"line":39,"column":null}}},"4":{"name":"(anonymous_5)","decl":{"start":{"line":41,"column":31},"end":{"line":41,"column":32}},"loc":{"start":{"line":41,"column":32},"end":{"line":48,"column":null}}},"5":{"name":"(anonymous_6)","decl":{"start":{"line":50,"column":14},"end":{"line":50,"column":null}},"loc":{"start":{"line":50,"column":14},"end":{"line":75,"column":7}}},"6":{"name":"(anonymous_7)","decl":{"start":{"line":77,"column":29},"end":{"line":77,"column":null}},"loc":{"start":{"line":77,"column":29},"end":{"line":79,"column":null}}},"7":{"name":"(anonymous_8)","decl":{"start":{"line":81,"column":21},"end":{"line":81,"column":22}},"loc":{"start":{"line":81,"column":22},"end":{"line":84,"column":null}}}},"branchMap":{"0":{"loc":{"start":{"line":14,"column":12},"end":{"line":16,"column":null}},"type":"if","locations":[{"start":{"line":14,"column":12},"end":{"line":16,"column":null}}]},"1":{"loc":{"start":{"line":24,"column":12},"end":{"line":26,"column":null}},"type":"if","locations":[{"start":{"line":24,"column":12},"end":{"line":26,"column":null}}]},"2":{"loc":{"start":{"line":32,"column":8},"end":{"line":37,"column":null}},"type":"if","locations":[{"start":{"line":32,"column":8},"end":{"line":37,"column":null}}]},"3":{"loc":{"start":{"line":42,"column":8},"end":{"line":47,"column":null}},"type":"if","locations":[{"start":{"line":42,"column":8},"end":{"line":47,"column":null}}]},"4":{"loc":{"start":{"line":45,"column":12},"end":{"line":45,"column":null}},"type":"if","locations":[{"start":{"line":45,"column":12},"end":{"line":45,"column":null}}]},"5":{"loc":{"start":{"line":52,"column":8},"end":{"line":73,"column":null}},"type":"if","locations":[{"start":{"line":52,"column":8},"end":{"line":73,"column":null}}]},"6":{"loc":{"start":{"line":55,"column":12},"end":{"line":63,"column":null}},"type":"if","locations":[{"start":{"line":55,"column":12},"end":{"line":63,"column":null}},{"start":{"line":58,"column":19},"end":{"line":63,"column":null}}]},"7":{"loc":{"start":{"line":57,"column":16},"end":{"line":57,"column":null}},"type":"if","locations":[{"start":{"line":57,"column":16},"end":{"line":57,"column":null}}]},"8":{"loc":{"start":{"line":59,"column":16},"end":{"line":62,"column":null}},"type":"if","locations":[{"start":{"line":59,"column":16},"end":{"line":62,"column":null}}]},"9":{"loc":{"start":{"line":64,"column":12},"end":{"line":72,"column":null}},"type":"if","locations":[{"start":{"line":64,"column":12},"end":{"line":72,"column":null}},{"start":{"line":69,"column":19},"end":{"line":72,"column":null}}]}},"s":{"0":174,"1":1,"2":1,"3":174,"4":174,"5":174,"6":174,"7":174,"8":174,"9":0,"10":0,"11":0,"12":0,"13":0,"14":0,"15":174,"16":47,"17":47,"18":47,"19":0,"20":0,"21":47,"22":174,"23":0,"24":0,"25":0,"26":0,"27":0,"28":174,"29":41,"30":0,"31":0,"32":0,"33":0,"34":0,"35":174,"36":114,"37":6,"38":6,"39":6,"40":0,"41":0,"42":0,"43":6,"44":0,"45":0,"46":6,"47":0,"48":0,"49":0,"50":6,"51":6,"52":174,"53":20,"54":174,"55":6,"56":6,"57":174,"58":1},"f":{"0":174,"1":0,"2":47,"3":0,"4":41,"5":114,"6":20,"7":6},"b":{"0":[0],"1":[0],"2":[0],"3":[0],"4":[0],"5":[6],"6":[0,6],"7":[0],"8":[0],"9":[0,6]}}
,"C:\\Travelport\\Formulario_Real\\Formulario_Real\\src\\hooks\\useFormField.jsx": {"path":"C:\\Travelport\\Formulario_Real\\Formulario_Real\\src\\hooks\\useFormField.jsx","statementMap":{"0":{"start":{"line":3,"column":16},"end":{"line":3,"column":25}},"1":{"start":{"line":23,"column":0},"end":{"line":23,"column":15}},"2":{"start":{"line":1,"column":18},"end":{"line":1,"column":null}},"3":{"start":{"line":23,"column":15},"end":{"line":23,"column":24}}},"fnMap":{"0":{"name":"FormField","decl":{"start":{"line":3,"column":16},"end":{"line":3,"column":25}},"loc":{"start":{"line":4,"column":38},"end":{"line":21,"column":null}}}},"branchMap":{},"s":{"0":0,"1":120,"2":1,"3":1},"f":{"0":96},"b":{}}
,"C:\\Travelport\\Formulario_Real\\Formulario_Real\\src\\hooks\\useSelector.js": {"path":"C:\\Travelport\\Formulario_Real\\Formulario_Real\\src\\hooks\\useSelector.js","statementMap":{"0":{"start":{"line":88,"column":0},"end":{"line":88,"column":15}},"1":{"start":{"line":1,"column":36},"end":{"line":1,"column":null}},"2":{"start":{"line":3,"column":20},"end":{"line":87,"column":null}},"3":{"start":{"line":5,"column":30},"end":{"line":5,"column":null}},"4":{"start":{"line":6,"column":42},"end":{"line":6,"column":null}},"5":{"start":{"line":7,"column":38},"end":{"line":7,"column":null}},"6":{"start":{"line":8,"column":52},"end":{"line":8,"column":null}},"7":{"start":{"line":9,"column":30},"end":{"line":9,"column":null}},"8":{"start":{"line":11,"column":31},"end":{"line":19,"column":null}},"9":{"start":{"line":12,"column":24},"end":{"line":12,"column":26}},"10":{"start":{"line":13,"column":8},"end":{"line":17,"column":null}},"11":{"start":{"line":13,"column":21},"end":{"line":13,"column":24}},"12":{"start":{"line":14,"column":12},"end":{"line":16,"column":null}},"13":{"start":{"line":15,"column":16},"end":{"line":15,"column":null}},"14":{"start":{"line":18,"column":8},"end":{"line":18,"column":null}},"15":{"start":{"line":21,"column":25},"end":{"line":29,"column":null}},"16":{"start":{"line":22,"column":26},"end":{"line":22,"column":null}},"17":{"start":{"line":23,"column":8},"end":{"line":27,"column":null}},"18":{"start":{"line":23,"column":21},"end":{"line":23,"column":24}},"19":{"start":{"line":24,"column":12},"end":{"line":26,"column":null}},"20":{"start":{"line":25,"column":16},"end":{"line":25,"column":null}},"21":{"start":{"line":28,"column":8},"end":{"line":28,"column":null}},"22":{"start":{"line":31,"column":28},"end":{"line":39,"column":null}},"23":{"start":{"line":32,"column":8},"end":{"line":37,"column":null}},"24":{"start":{"line":33,"column":31},"end":{"line":33,"column":null}},"25":{"start":{"line":34,"column":12},"end":{"line":34,"column":null}},"26":{"start":{"line":35,"column":12},"end":{"line":35,"column":null}},"27":{"start":{"line":36,"column":12},"end":{"line":36,"column":null}},"28":{"start":{"line":41,"column":31},"end":{"line":48,"column":null}},"29":{"start":{"line":42,"column":8},"end":{"line":47,"column":null}},"30":{"start":{"line":43,"column":31},"end":{"line":43,"column":null}},"31":{"start":{"line":44,"column":12},"end":{"line":44,"column":null}},"32":{"start":{"line":45,"column":12},"end":{"line":45,"column":null}},"33":{"start":{"line":45,"column":42},"end":{"line":45,"column":null}},"34":{"start":{"line":46,"column":12},"end":{"line":46,"column":null}},"35":{"start":{"line":50,"column":4},"end":{"line":74,"column":null}},"36":{"start":{"line":51,"column":8},"end":{"line":72,"column":null}},"37":{"start":{"line":52,"column":31},"end":{"line":52,"column":null}},"38":{"start":{"line":53,"column":30},"end":{"line":53,"column":null}},"39":{"start":{"line":54,"column":12},"end":{"line":62,"column":null}},"40":{"start":{"line":55,"column":16},"end":{"line":55,"column":null}},"41":{"start":{"line":56,"column":16},"end":{"line":56,"column":null}},"42":{"start":{"line":56,"column":68},"end":{"line":56,"column":null}},"43":{"start":{"line":58,"column":16},"end":{"line":61,"column":null}},"44":{"start":{"line":59,"column":20},"end":{"line":59,"column":null}},"45":{"start":{"line":60,"column":20},"end":{"line":60,"column":null}},"46":{"start":{"line":63,"column":12},"end":{"line":71,"column":null}},"47":{"start":{"line":64,"column":16},"end":{"line":64,"column":null}},"48":{"start":{"line":65,"column":16},"end":{"line":65,"column":null}},"49":{"start":{"line":66,"column":16},"end":{"line":66,"column":null}},"50":{"start":{"line":69,"column":16},"end":{"line":69,"column":null}},"51":{"start":{"line":70,"column":16},"end":{"line":70,"column":null}},"52":{"start":{"line":76,"column":32},"end":{"line":78,"column":null}},"53":{"start":{"line":77,"column":8},"end":{"line":77,"column":null}},"54":{"start":{"line":80,"column":21},"end":{"line":83,"column":null}},"55":{"start":{"line":81,"column":8},"end":{"line":81,"column":null}},"56":{"start":{"line":82,"column":8},"end":{"line":82,"column":null}},"57":{"start":{"line":85,"column":4},"end":{"line":85,"column":null}},"58":{"start":{"line":88,"column":15},"end":{"line":88,"column":null}}},"fnMap":{"0":{"name":"(anonymous_1)","decl":{"start":{"line":3,"column":20},"end":{"line":3,"column":null}},"loc":{"start":{"line":3,"column":20},"end":{"line":87,"column":null}}},"1":{"name":"(anonymous_2)","decl":{"start":{"line":11,"column":31},"end":{"line":11,"column":32}},"loc":{"start":{"line":11,"column":46},"end":{"line":19,"column":null}}},"2":{"name":"(anonymous_3)","decl":{"start":{"line":21,"column":25},"end":{"line":21,"column":26}},"loc":{"start":{"line":21,"column":39},"end":{"line":29,"column":null}}},"3":{"name":"(anonymous_4)","decl":{"start":{"line":31,"column":28},"end":{"line":31,"column":29}},"loc":{"start":{"line":31,"column":29},"end":{"line":39,"column":null}}},"4":{"name":"(anonymous_5)","decl":{"start":{"line":41,"column":31},"end":{"line":41,"column":32}},"loc":{"start":{"line":41,"column":32},"end":{"line":48,"column":null}}},"5":{"name":"(anonymous_6)","decl":{"start":{"line":50,"column":14},"end":{"line":50,"column":null}},"loc":{"start":{"line":50,"column":14},"end":{"line":74,"column":7}}},"6":{"name":"(anonymous_7)","decl":{"start":{"line":76,"column":32},"end":{"line":76,"column":null}},"loc":{"start":{"line":76,"column":32},"end":{"line":78,"column":null}}},"7":{"name":"(anonymous_8)","decl":{"start":{"line":80,"column":21},"end":{"line":80,"column":22}},"loc":{"start":{"line":80,"column":22},"end":{"line":83,"column":null}}}},"branchMap":{"0":{"loc":{"start":{"line":14,"column":12},"end":{"line":16,"column":null}},"type":"if","locations":[{"start":{"line":14,"column":12},"end":{"line":16,"column":null}}]},"1":{"loc":{"start":{"line":24,"column":12},"end":{"line":26,"column":null}},"type":"if","locations":[{"start":{"line":24,"column":12},"end":{"line":26,"column":null}}]},"2":{"loc":{"start":{"line":32,"column":8},"end":{"line":37,"column":null}},"type":"if","locations":[{"start":{"line":32,"column":8},"end":{"line":37,"column":null}}]},"3":{"loc":{"start":{"line":42,"column":8},"end":{"line":47,"column":null}},"type":"if","locations":[{"start":{"line":42,"column":8},"end":{"line":47,"column":null}}]},"4":{"loc":{"start":{"line":45,"column":12},"end":{"line":45,"column":null}},"type":"if","locations":[{"start":{"line":45,"column":12},"end":{"line":45,"column":null}}]},"5":{"loc":{"start":{"line":51,"column":8},"end":{"line":72,"column":null}},"type":"if","locations":[{"start":{"line":51,"column":8},"end":{"line":72,"column":null}}]},"6":{"loc":{"start":{"line":54,"column":12},"end":{"line":62,"column":null}},"type":"if","locations":[{"start":{"line":54,"column":12},"end":{"line":62,"column":null}},{"start":{"line":57,"column":19},"end":{"line":62,"column":null}}]},"7":{"loc":{"start":{"line":56,"column":16},"end":{"line":56,"column":null}},"type":"if","locations":[{"start":{"line":56,"column":16},"end":{"line":56,"column":null}}]},"8":{"loc":{"start":{"line":58,"column":16},"end":{"line":61,"column":null}},"type":"if","locations":[{"start":{"line":58,"column":16},"end":{"line":61,"column":null}}]},"9":{"loc":{"start":{"line":63,"column":12},"end":{"line":71,"column":null}},"type":"if","locations":[{"start":{"line":63,"column":12},"end":{"line":71,"column":null}},{"start":{"line":68,"column":19},"end":{"line":71,"column":null}}]}},"s":{"0":30,"1":1,"2":1,"3":30,"4":30,"5":30,"6":30,"7":30,"8":30,"9":0,"10":0,"11":0,"12":0,"13":0,"14":0,"15":30,"16":0,"17":0,"18":0,"19":0,"20":0,"21":0,"22":30,"23":0,"24":0,"25":0,"26":0,"27":0,"28":30,"29":0,"30":0,"31":0,"32":0,"33":0,"34":0,"35":30,"36":18,"37":0,"38":0,"39":0,"40":0,"41":0,"42":0,"43":0,"44":0,"45":0,"46":0,"47":0,"48":0,"49":0,"50":0,"51":0,"52":30,"53":4,"54":30,"55":0,"56":0,"57":30,"58":1},"f":{"0":30,"1":0,"2":0,"3":0,"4":0,"5":18,"6":4,"7":0},"b":{"0":[0],"1":[0],"2":[0],"3":[0],"4":[0],"5":[0],"6":[0,0],"7":[0],"8":[0],"9":[0,0]}}
,"C:\\Travelport\\Formulario_Real\\Formulario_Real\\src\\services\\validateDni.js": {"path":"C:\\Travelport\\Formulario_Real\\Formulario_Real\\src\\services\\validateDni.js","statementMap":{"0":{"start":{"line":2,"column":16},"end":{"line":2,"column":28}},"1":{"start":{"line":4,"column":2},"end":{"line":24,"column":null}},"2":{"start":{"line":6,"column":22},"end":{"line":6,"column":null}},"3":{"start":{"line":8,"column":2},"end":{"line":10,"column":null}},"4":{"start":{"line":9,"column":4},"end":{"line":9,"column":null}},"5":{"start":{"line":12,"column":17},"end":{"line":12,"column":null}},"6":{"start":{"line":13,"column":17},"end":{"line":13,"column":null}},"7":{"start":{"line":14,"column":23},"end":{"line":14,"column":null}},"8":{"start":{"line":15,"column":22},"end":{"line":15,"column":null}},"9":{"start":{"line":16,"column":2},"end":{"line":16,"column":null}},"10":{"start":{"line":18,"column":9},"end":{"line":24,"column":null}},"11":{"start":{"line":19,"column":22},"end":{"line":19,"column":null}},"12":{"start":{"line":20,"column":4},"end":{"line":20,"column":null}},"13":{"start":{"line":21,"column":9},"end":{"line":24,"column":null}},"14":{"start":{"line":22,"column":22},"end":{"line":22,"column":null}},"15":{"start":{"line":23,"column":4},"end":{"line":23,"column":null}},"16":{"start":{"line":25,"column":2},"end":{"line":25,"column":null}}},"fnMap":{"0":{"name":"validateDNI","decl":{"start":{"line":2,"column":16},"end":{"line":2,"column":28}},"loc":{"start":{"line":2,"column":40},"end":{"line":26,"column":null}}}},"branchMap":{"0":{"loc":{"start":{"line":4,"column":2},"end":{"line":24,"column":null}},"type":"if","locations":[{"start":{"line":4,"column":2},"end":{"line":24,"column":null}},{"start":{"line":18,"column":9},"end":{"line":24,"column":null}}]},"1":{"loc":{"start":{"line":8,"column":2},"end":{"line":10,"column":null}},"type":"if","locations":[{"start":{"line":8,"column":2},"end":{"line":10,"column":null}}]},"2":{"loc":{"start":{"line":18,"column":9},"end":{"line":24,"column":null}},"type":"if","locations":[{"start":{"line":18,"column":9},"end":{"line":24,"column":null}},{"start":{"line":21,"column":9},"end":{"line":24,"column":null}}]},"3":{"loc":{"start":{"line":21,"column":9},"end":{"line":24,"column":null}},"type":"if","locations":[{"start":{"line":21,"column":9},"end":{"line":24,"column":null}}]}},"s":{"0":21,"1":21,"2":0,"3":0,"4":0,"5":0,"6":0,"7":0,"8":0,"9":0,"10":21,"11":0,"12":0,"13":21,"14":0,"15":0,"16":21},"f":{"0":21},"b":{"0":[0,21],"1":[0],"2":[0,21],"3":[0]}}
}
