TN:
SF:src\components\Form\Form.jsx
FN:7,Form
FN:17,(anonymous_6)
FN:26,(anonymous_7)
FN:37,(anonymous_8)
FN:52,(anonymous_9)
FN:61,(anonymous_10)
FN:88,(anonymous_11)
FN:104,(anonymous_12)
FN:120,(anonymous_13)
FN:152,(anonymous_14)
FN:172,oo_cm
FN:172,oo_oo
FN:172,oo_tr
FN:172,oo_ts
FN:172,oo_te
FNF:15
FNH:5
FNDA:31,Form
FNDA:20,(anonymous_6)
FNDA:21,(anonymous_7)
FNDA:0,(anonymous_8)
FNDA:4,(anonymous_9)
FNDA:6,(anonymous_10)
FNDA:0,(anonymous_11)
FNDA:0,(anonymous_12)
FNDA:0,(anonymous_13)
FNDA:0,(anonymous_14)
FNDA:0,oo_cm
FNDA:0,oo_oo
FNDA:0,oo_tr
FNDA:0,oo_ts
FNDA:0,oo_te
DA:1,1
DA:2,1
DA:3,1
DA:4,1
DA:5,1
DA:7,18
DA:9,31
DA:10,30
DA:11,30
DA:12,30
DA:13,30
DA:15,30
DA:17,30
DA:18,20
DA:19,0
DA:21,20
DA:26,30
DA:27,21
DA:30,0
DA:32,21
DA:37,30
DA:38,0
DA:40,0
DA:45,0
DA:46,0
DA:48,0
DA:52,30
DA:53,4
DA:54,4
DA:55,4
DA:56,4
DA:57,4
DA:58,4
DA:61,30
DA:65,30
DA:89,0
DA:105,0
DA:121,0
DA:153,0
DA:172,0
LF:40
LH:28
BRDA:18,0,0,0
BRDA:18,0,1,20
BRDA:18,1,0,20
BRDA:18,1,1,19
BRDA:27,2,0,0
BRDA:27,2,1,21
BRDA:27,3,0,21
BRDA:27,3,1,21
BRDA:27,3,2,3
BRDA:40,4,0,0
BRDA:40,4,1,0
BRDA:40,5,0,0
BRDA:40,5,1,0
BRDA:40,5,2,0
BRDA:40,5,3,0
BRDA:40,5,4,0
BRDA:46,6,0,0
BRDA:46,7,0,0
BRDA:46,7,1,0
BRDA:46,7,2,0
BRDA:46,7,3,0
BRDA:46,7,4,0
BRDA:172,8,0,0
BRDA:172,8,1,0
BRF:24
BRH:7
end_of_record
TN:
SF:src\hooks\useField.js
FN:3,(anonymous_1)
FN:11,(anonymous_2)
FN:21,(anonymous_3)
FN:31,(anonymous_4)
FN:41,(anonymous_5)
FN:50,(anonymous_6)
FN:77,(anonymous_7)
FN:81,(anonymous_8)
FNF:8
FNH:6
FNDA:151,(anonymous_1)
FNDA:0,(anonymous_2)
FNDA:47,(anonymous_3)
FNDA:0,(anonymous_4)
FNDA:41,(anonymous_5)
FNDA:96,(anonymous_6)
FNDA:20,(anonymous_7)
FNDA:6,(anonymous_8)
DA:1,1
DA:3,1
DA:5,151
DA:6,150
DA:7,150
DA:8,150
DA:9,150
DA:11,150
DA:12,0
DA:13,0
DA:14,0
DA:15,0
DA:18,0
DA:21,150
DA:22,47
DA:23,47
DA:24,0
DA:25,0
DA:28,47
DA:31,150
DA:32,0
DA:33,0
DA:34,0
DA:35,0
DA:36,0
DA:41,150
DA:42,41
DA:43,0
DA:44,0
DA:45,0
DA:46,0
DA:50,150
DA:52,96
DA:53,6
DA:54,6
DA:55,6
DA:56,0
DA:57,0
DA:59,6
DA:60,0
DA:61,0
DA:64,6
DA:65,0
DA:66,0
DA:67,0
DA:70,6
DA:71,6
DA:77,150
DA:78,20
DA:81,150
DA:82,6
DA:83,6
DA:86,150
DA:91,151
LF:54
LH:31
BRDA:14,0,0,0
BRDA:24,1,0,0
BRDA:32,2,0,0
BRDA:42,3,0,0
BRDA:45,4,0,0
BRDA:52,5,0,6
BRDA:55,6,0,0
BRDA:55,6,1,6
BRDA:57,7,0,0
BRDA:59,8,0,0
BRDA:64,9,0,0
BRDA:64,9,1,6
BRF:12
BRH:3
end_of_record
TN:
SF:src\hooks\useSelector.js
FN:3,(anonymous_1)
FN:11,(anonymous_2)
FN:22,(anonymous_3)
FN:28,(anonymous_4)
FN:32,(anonymous_5)
FNF:5
FNH:4
FNDA:30,(anonymous_1)
FNDA:18,(anonymous_2)
FNDA:18,(anonymous_3)
FNDA:4,(anonymous_4)
FNDA:0,(anonymous_5)
DA:1,1
DA:3,1
DA:5,30
DA:6,30
DA:7,30
DA:8,30
DA:9,30
DA:11,30
DA:12,18
DA:13,0
DA:14,0
DA:15,0
DA:17,0
DA:18,0
DA:19,0
DA:22,18
DA:23,18
DA:24,18
DA:28,30
DA:29,4
DA:32,30
DA:33,0
DA:34,0
DA:37,30
DA:40,30
LF:25
LH:17
BRDA:12,0,0,0
BRDA:14,1,0,0
BRDA:17,2,0,0
BRF:3
BRH:0
end_of_record
TN:
SF:src\services\validateDni.js
FN:2,validateDNI
FNF:1
FNH:1
FNDA:21,validateDNI
DA:2,21
DA:4,21
DA:6,0
DA:8,0
DA:9,0
DA:12,0
DA:13,0
DA:14,0
DA:15,0
DA:16,0
DA:18,21
DA:19,0
DA:20,0
DA:21,21
DA:22,0
DA:23,0
DA:25,21
LF:17
LH:5
BRDA:4,0,0,0
BRDA:4,0,1,21
BRDA:8,1,0,0
BRDA:18,2,0,0
BRDA:18,2,1,21
BRDA:21,3,0,0
BRF:6
BRH:2
end_of_record
