TN:
SF:src\components\Form\Form.jsx
FN:7,Form
FN:19,(anonymous_6)
FN:60,(anonymous_7)
FN:72,(anonymous_8)
FN:81,(anonymous_9)
FN:186,oo_cm
FN:186,oo_oo
FN:186,oo_tr
FN:186,oo_ts
FN:186,oo_te
FNF:10
FNH:6
FNDA:27,Form
FNDA:22,(anonymous_6)
FNDA:6,(anonymous_7)
FNDA:4,(anonymous_8)
FNDA:0,(anonymous_9)
FNDA:6,oo_cm
FNDA:6,oo_oo
FNDA:0,oo_tr
FNDA:0,oo_ts
FNDA:0,oo_te
DA:1,1
DA:2,1
DA:3,1
DA:4,1
DA:5,1
DA:7,17
DA:9,27
DA:10,27
DA:12,27
DA:13,27
DA:14,27
DA:15,27
DA:16,27
DA:17,27
DA:19,27
DA:20,22
DA:22,22
DA:23,0
DA:24,0
DA:25,0
DA:27,0
DA:30,0
DA:31,0
DA:32,0
DA:33,0
DA:35,0
DA:36,0
DA:38,0
DA:39,0
DA:41,0
DA:42,0
DA:44,0
DA:45,0
DA:47,0
DA:48,0
DA:51,0
DA:53,0
DA:54,0
DA:60,27
DA:61,6
DA:63,6
DA:68,6
DA:72,27
DA:73,4
DA:74,4
DA:75,4
DA:76,4
DA:77,4
DA:78,4
DA:81,27
DA:90,27
DA:186,6
LF:52
LH:31
BRDA:22,0,0,0
BRDA:23,1,0,0
BRDA:23,1,1,0
BRDA:23,2,0,0
BRDA:23,2,1,0
BRDA:30,3,0,0
BRDA:30,3,1,0
BRDA:30,4,0,0
BRDA:30,4,1,0
BRDA:35,5,0,0
BRDA:35,5,1,0
BRDA:38,6,0,0
BRDA:38,6,1,0
BRDA:41,7,0,0
BRDA:41,7,1,0
BRDA:44,8,0,0
BRDA:44,8,1,0
BRDA:47,9,0,0
BRDA:47,9,1,0
BRDA:63,10,0,6
BRDA:63,11,0,6
BRDA:63,11,1,6
BRDA:63,11,2,6
BRDA:63,11,3,6
BRDA:63,11,4,6
BRDA:186,12,0,6
BRDA:186,12,1,1
BRF:27
BRH:8
end_of_record
TN:
SF:src\hooks\useField.js
FN:3,(anonymous_1)
FN:16,(anonymous_2)
FN:35,(anonymous_3)
FN:39,(anonymous_4)
FNF:4
FNH:4
FNDA:162,(anonymous_1)
FNDA:107,(anonymous_2)
FNDA:20,(anonymous_3)
FNDA:5,(anonymous_4)
DA:1,1
DA:3,1
DA:5,162
DA:6,162
DA:7,162
DA:8,162
DA:14,162
DA:16,162
DA:18,107
DA:19,5
DA:20,5
DA:21,0
DA:23,5
DA:24,0
DA:25,0
DA:28,5
DA:29,5
DA:35,162
DA:36,20
DA:39,162
DA:40,5
DA:41,5
DA:45,162
DA:48,162
LF:24
LH:21
BRDA:18,0,0,5
BRDA:20,1,0,0
BRDA:23,2,0,0
BRDA:23,2,1,5
BRF:4
BRH:2
end_of_record
TN:
SF:src\hooks\useSelector.js
FN:3,(anonymous_1)
FN:13,(anonymous_2)
FN:24,(anonymous_3)
FN:30,(anonymous_4)
FN:34,(anonymous_5)
FNF:5
FNH:4
FNDA:27,(anonymous_1)
FNDA:17,(anonymous_2)
FNDA:17,(anonymous_3)
FNDA:4,(anonymous_4)
FNDA:0,(anonymous_5)
DA:1,1
DA:3,1
DA:5,27
DA:6,27
DA:7,27
DA:8,27
DA:11,27
DA:13,27
DA:14,17
DA:15,0
DA:16,0
DA:17,0
DA:19,0
DA:20,0
DA:21,0
DA:24,17
DA:25,17
DA:26,17
DA:30,27
DA:31,4
DA:34,27
DA:35,0
DA:36,0
DA:39,27
DA:42,27
LF:25
LH:17
BRDA:14,0,0,0
BRDA:16,1,0,0
BRDA:19,2,0,0
BRF:3
BRH:0
end_of_record
TN:
SF:src\services\validateDni.js
FN:2,validateDNI
FNF:1
FNH:0
FNDA:0,validateDNI
DA:2,0
DA:4,0
DA:18,0
DA:19,0
DA:21,0
DA:22,0
DA:23,0
DA:24,0
DA:25,0
DA:27,0
DA:28,0
DA:30,0
DA:31,0
DA:32,0
DA:33,0
DA:34,0
DA:35,0
DA:37,0
LF:18
LH:0
BRDA:4,0,0,0
BRDA:4,0,1,0
BRDA:18,1,0,0
BRDA:24,2,0,0
BRDA:30,3,0,0
BRDA:30,3,1,0
BRDA:33,4,0,0
BRF:7
BRH:0
end_of_record
